<?xml version="1.0" encoding="UTF-8"?>
<!-- Generated by org.testng.reporters.JUnitReportReporter -->
<testsuite hostname="vmt11289" failures="0" tests="1" name="restassuredTests.Demo_Get_Request" time="2.508" errors="0" timestamp="2021-08-03T15:52:51 IST" skipped="0">
  <testcase classname="restassuredTests.Demo_Get_Request" name="getRequestAutomation" time="2.508"/>
  <system-out/>
</testsuite> <!-- restassuredTests.Demo_Get_Request -->
