<?xml version="1.0" encoding="UTF-8"?>
<!-- Generated by org.testng.reporters.JUnitReportReporter -->
<testsuite hostname="vmt11289" failures="0" tests="1" name="restassuredTests.Demo_Post_Request" time="3.073" errors="0" timestamp="2021-08-03T16:31:29 IST" skipped="0">
  <testcase classname="restassuredTests.Demo_Post_Request" name="postApiAutomation" time="3.073"/>
  <system-out/>
</testsuite> <!-- restassuredTests.Demo_Post_Request -->
